<?xml version="1.0" encoding="UTF-8"?>
<testsuite xmlns:xsi="http://www.w3.org/2001/XMLSchema-instance" xsi:noNamespaceSchemaLocation="https://maven.apache.org/surefire/maven-surefire-plugin/xsd/surefire-test-report.xsd" version="3.0.2" name="com.example.demo.ApachekafkawithspringbootApplicationTests" time="7.897" tests="1" errors="0" skipped="0" failures="0">
  <properties>
[...]
</properties>
  <testcase name="contextLoads" classname="com.example.demo.ApachekafkawithspringbootApplicationTests" time="1.979">
    <system-out><![CDATA[19:43:30.204 [main] INFO org.springframework.test.context.support.AnnotationConfigContextLoaderUtils -- Could not detect default configuration classes for test class [com.example.demo.ApachekafkawithspringbootApplicationTests]: ApachekafkawithspringbootApplicationTests does not declare any static, non-private, non-final, nested classes annotated with @Configuration.
19:43:30.446 [main] INFO org.springframework.boot.test.context.SpringBootTestContextBootstrapper -- Found @SpringBootConfiguration com.example.demo.ApachekafkawithspringbootApplication for test class com.example.demo.ApachekafkawithspringbootApplicationTests

  .   ____          _            __ _ _
 /\\ / ___'_ __ _ _(_)_ __  __ _ \ \ \ \
( ( )\___ | '_ | '_| | '_ \/ _` | \ \ \ \
 \\/  ___)| |_)| | | | | || (_| |  ) ) ) )
  '  |____| .__|_| |_|_| |_\__, | / / / /
 =========|_|==============|___/=/_/_/_/

 :: Spring Boot ::                (v3.4.5)

2025-07-28T19:43:31.632+05:30  INFO 5124 --- [apachekafkawithspringboot] [           main] pachekafkawithspringbootApplicationTests : Starting ApachekafkawithspringbootApplicationTests using Java 17.0.12 with PID 5124 (started by HP in E:\codebase\Repo1\apachekafkawithspringboot)
2025-07-28T19:43:31.635+05:30  INFO 5124 --- [apachekafkawithspringboot] [           main] pachekafkawithspringbootApplicationTests : No active profile set, falling back to 1 default profile: "default"
2025-07-28T19:43:35.181+05:30  INFO 5124 --- [apachekafkawithspringboot] [           main] o.a.k.clients.consumer.ConsumerConfig    : ConsumerConfig values: 
	allow.auto.create.topics = true
	auto.commit.interval.ms = 5000
	auto.include.jmx.reporter = true
	auto.offset.reset = latest
	bootstrap.servers = [localhost:9092]
	check.crcs = true
	client.dns.lookup = use_all_dns_ips
	client.id = consumer-xyz-1
	client.rack = 
	connections.max.idle.ms = 540000
	default.api.timeout.ms = 60000
	enable.auto.commit = false
	enable.metrics.push = true
	exclude.internal.topics = true
	fetch.max.bytes = 52428800
	fetch.max.wait.ms = 500
	fetch.min.bytes = 1
	group.id = xyz
	group.instance.id = null
	group.protocol = classic
	group.remote.assignor = null
	heartbeat.interval.ms = 3000
	interceptor.classes = []
	internal.leave.group.on.close = true
	internal.throw.on.fetch.stable.offset.unsupported = false
	isolation.level = read_uncommitted
	key.deserializer = class org.apache.kafka.common.serialization.StringDeserializer
	max.partition.fetch.bytes = 1048576
	max.poll.interval.ms = 300000
	max.poll.records = 500
	metadata.max.age.ms = 300000
	metadata.recovery.strategy = none
	metric.reporters = []
	metrics.num.samples = 2
	metrics.recording.level = INFO
	metrics.sample.window.ms = 30000
	partition.assignment.strategy = [class org.apache.kafka.clients.consumer.RangeAssignor, class org.apache.kafka.clients.consumer.CooperativeStickyAssignor]
	receive.buffer.bytes = 65536
	reconnect.backoff.max.ms = 1000
	reconnect.backoff.ms = 50
	request.timeout.ms = 30000
	retry.backoff.max.ms = 1000
	retry.backoff.ms = 100
	sasl.client.callback.handler.class = null
	sasl.jaas.config = null
	sasl.kerberos.kinit.cmd = /usr/bin/kinit
	sasl.kerberos.min.time.before.relogin = 60000
	sasl.kerberos.service.name = null
	sasl.kerberos.ticket.renew.jitter = 0.05
	sasl.kerberos.ticket.renew.window.factor = 0.8
	sasl.login.callback.handler.class = null
	sasl.login.class = null
	sasl.login.connect.timeout.ms = null
	sasl.login.read.timeout.ms = null
	sasl.login.refresh.buffer.seconds = 300
	sasl.login.refresh.min.period.seconds = 60
	sasl.login.refresh.window.factor = 0.8
	sasl.login.refresh.window.jitter = 0.05
	sasl.login.retry.backoff.max.ms = 10000
	sasl.login.retry.backoff.ms = 100
	sasl.mechanism = GSSAPI
	sasl.oauthbearer.clock.skew.seconds = 30
	sasl.oauthbearer.expected.audience = null
	sasl.oauthbearer.expected.issuer = null
	sasl.oauthbearer.jwks.endpoint.refresh.ms = 3600000
	sasl.oauthbearer.jwks.endpoint.retry.backoff.max.ms = 10000
	sasl.oauthbearer.jwks.endpoint.retry.backoff.ms = 100
	sasl.oauthbearer.jwks.endpoint.url = null
	sasl.oauthbearer.scope.claim.name = scope
	sasl.oauthbearer.sub.claim.name = sub
	sasl.oauthbearer.token.endpoint.url = null
	security.protocol = PLAINTEXT
	security.providers = null
	send.buffer.bytes = 131072
	session.timeout.ms = 45000
	socket.connection.setup.timeout.max.ms = 30000
	socket.connection.setup.timeout.ms = 10000
	ssl.cipher.suites = null
	ssl.enabled.protocols = [TLSv1.2, TLSv1.3]
	ssl.endpoint.identification.algorithm = https
	ssl.engine.factory.class = null
	ssl.key.password = null
	ssl.keymanager.algorithm = SunX509
	ssl.keystore.certificate.chain = null
	ssl.keystore.key = null
	ssl.keystore.location = null
	ssl.keystore.password = null
	ssl.keystore.type = JKS
	ssl.protocol = TLSv1.3
	ssl.provider = null
	ssl.secure.random.implementation = null
	ssl.trustmanager.algorithm = PKIX
	ssl.truststore.certificates = null
	ssl.truststore.location = null
	ssl.truststore.password = null
	ssl.truststore.type = JKS
	value.deserializer = class org.apache.kafka.common.serialization.StringDeserializer

2025-07-28T19:43:35.298+05:30  INFO 5124 --- [apachekafkawithspringboot] [           main] o.a.k.c.t.i.KafkaMetricsCollector        : initializing Kafka metrics collector
2025-07-28T19:43:35.616+05:30  INFO 5124 --- [apachekafkawithspringboot] [           main] o.a.kafka.common.utils.AppInfoParser     : Kafka version: 3.8.1
2025-07-28T19:43:35.620+05:30  INFO 5124 --- [apachekafkawithspringboot] [           main] o.a.kafka.common.utils.AppInfoParser     : Kafka commitId: 70d6ff42debf7e17
2025-07-28T19:43:35.620+05:30  INFO 5124 --- [apachekafkawithspringboot] [           main] o.a.kafka.common.utils.AppInfoParser     : Kafka startTimeMs: 1753712015613
2025-07-28T19:43:35.648+05:30  INFO 5124 --- [apachekafkawithspringboot] [           main] o.a.k.c.c.internals.LegacyKafkaConsumer  : [Consumer clientId=consumer-xyz-1, groupId=xyz] Subscribed to topic(s): myKafkaTest
2025-07-28T19:43:35.686+05:30  INFO 5124 --- [apachekafkawithspringboot] [           main] o.a.k.clients.consumer.ConsumerConfig    : ConsumerConfig values: 
	allow.auto.create.topics = true
	auto.commit.interval.ms = 5000
	auto.include.jmx.reporter = true
	auto.offset.reset = latest
	bootstrap.servers = [localhost:9092]
	check.crcs = true
	client.dns.lookup = use_all_dns_ips
	client.id = consumer-xyz-2
	client.rack = 
	connections.max.idle.ms = 540000
	default.api.timeout.ms = 60000
	enable.auto.commit = false
	enable.metrics.push = true
	exclude.internal.topics = true
	fetch.max.bytes = 52428800
	fetch.max.wait.ms = 500
	fetch.min.bytes = 1
	group.id = xyz
	group.instance.id = null
	group.protocol = classic
	group.remote.assignor = null
	heartbeat.interval.ms = 3000
	interceptor.classes = []
	internal.leave.group.on.close = true
	internal.throw.on.fetch.stable.offset.unsupported = false
	isolation.level = read_uncommitted
	key.deserializer = class org.apache.kafka.common.serialization.StringDeserializer
	max.partition.fetch.bytes = 1048576
	max.poll.interval.ms = 300000
	max.poll.records = 500
	metadata.max.age.ms = 300000
	metadata.recovery.strategy = none
	metric.reporters = []
	metrics.num.samples = 2
	metrics.recording.level = INFO
	metrics.sample.window.ms = 30000
	partition.assignment.strategy = [class org.apache.kafka.clients.consumer.RangeAssignor, class org.apache.kafka.clients.consumer.CooperativeStickyAssignor]
	receive.buffer.bytes = 65536
	reconnect.backoff.max.ms = 1000
	reconnect.backoff.ms = 50
	request.timeout.ms = 30000
	retry.backoff.max.ms = 1000
	retry.backoff.ms = 100
	sasl.client.callback.handler.class = null
	sasl.jaas.config = null
	sasl.kerberos.kinit.cmd = /usr/bin/kinit
	sasl.kerberos.min.time.before.relogin = 60000
	sasl.kerberos.service.name = null
	sasl.kerberos.ticket.renew.jitter = 0.05
	sasl.kerberos.ticket.renew.window.factor = 0.8
	sasl.login.callback.handler.class = null
	sasl.login.class = null
	sasl.login.connect.timeout.ms = null
	sasl.login.read.timeout.ms = null
	sasl.login.refresh.buffer.seconds = 300
	sasl.login.refresh.min.period.seconds = 60
	sasl.login.refresh.window.factor = 0.8
	sasl.login.refresh.window.jitter = 0.05
	sasl.login.retry.backoff.max.ms = 10000
	sasl.login.retry.backoff.ms = 100
	sasl.mechanism = GSSAPI
	sasl.oauthbearer.clock.skew.seconds = 30
	sasl.oauthbearer.expected.audience = null
	sasl.oauthbearer.expected.issuer = null
	sasl.oauthbearer.jwks.endpoint.refresh.ms = 3600000
	sasl.oauthbearer.jwks.endpoint.retry.backoff.max.ms = 10000
	sasl.oauthbearer.jwks.endpoint.retry.backoff.ms = 100
	sasl.oauthbearer.jwks.endpoint.url = null
	sasl.oauthbearer.scope.claim.name = scope
	sasl.oauthbearer.sub.claim.name = sub
	sasl.oauthbearer.token.endpoint.url = null
	security.protocol = PLAINTEXT
	security.providers = null
	send.buffer.bytes = 131072
	session.timeout.ms = 45000
	socket.connection.setup.timeout.max.ms = 30000
	socket.connection.setup.timeout.ms = 10000
	ssl.cipher.suites = null
	ssl.enabled.protocols = [TLSv1.2, TLSv1.3]
	ssl.endpoint.identification.algorithm = https
	ssl.engine.factory.class = null
	ssl.key.password = null
	ssl.keymanager.algorithm = SunX509
	ssl.keystore.certificate.chain = null
	ssl.keystore.key = null
	ssl.keystore.location = null
	ssl.keystore.password = null
	ssl.keystore.type = JKS
	ssl.protocol = TLSv1.3
	ssl.provider = null
	ssl.secure.random.implementation = null
	ssl.trustmanager.algorithm = PKIX
	ssl.truststore.certificates = null
	ssl.truststore.location = null
	ssl.truststore.password = null
	ssl.truststore.type = JKS
	value.deserializer = class org.apache.kafka.common.serialization.StringDeserializer

2025-07-28T19:43:35.689+05:30  INFO 5124 --- [apachekafkawithspringboot] [           main] o.a.k.c.t.i.KafkaMetricsCollector        : initializing Kafka metrics collector
2025-07-28T19:43:35.763+05:30  INFO 5124 --- [apachekafkawithspringboot] [           main] o.a.kafka.common.utils.AppInfoParser     : Kafka version: 3.8.1
2025-07-28T19:43:35.763+05:30  INFO 5124 --- [apachekafkawithspringboot] [           main] o.a.kafka.common.utils.AppInfoParser     : Kafka commitId: 70d6ff42debf7e17
2025-07-28T19:43:35.764+05:30  INFO 5124 --- [apachekafkawithspringboot] [           main] o.a.kafka.common.utils.AppInfoParser     : Kafka startTimeMs: 1753712015763
2025-07-28T19:43:35.766+05:30  INFO 5124 --- [apachekafkawithspringboot] [           main] o.a.k.c.c.internals.LegacyKafkaConsumer  : [Consumer clientId=consumer-xyz-2, groupId=xyz] Subscribed to topic(s): myKafkaTest
2025-07-28T19:43:35.812+05:30  INFO 5124 --- [apachekafkawithspringboot] [           main] pachekafkawithspringbootApplicationTests : Started ApachekafkawithspringbootApplicationTests in 5.012 seconds (process running for 7.631)
2025-07-28T19:43:36.509+05:30  INFO 5124 --- [apachekafkawithspringboot] [ntainer#1-0-C-1] org.apache.kafka.clients.NetworkClient   : [Consumer clientId=consumer-xyz-2, groupId=xyz] Node -1 disconnected.
2025-07-28T19:43:36.511+05:30  INFO 5124 --- [apachekafkawithspringboot] [ntainer#0-0-C-1] org.apache.kafka.clients.NetworkClient   : [Consumer clientId=consumer-xyz-1, groupId=xyz] Node -1 disconnected.
2025-07-28T19:43:36.516+05:30  WARN 5124 --- [apachekafkawithspringboot] [ntainer#0-0-C-1] org.apache.kafka.clients.NetworkClient   : [Consumer clientId=consumer-xyz-1, groupId=xyz] Connection to node -1 (localhost/127.0.0.1:9092) could not be established. Node may not be available.
2025-07-28T19:43:36.516+05:30  WARN 5124 --- [apachekafkawithspringboot] [ntainer#1-0-C-1] org.apache.kafka.clients.NetworkClient   : [Consumer clientId=consumer-xyz-2, groupId=xyz] Connection to node -1 (localhost/127.0.0.1:9092) could not be established. Node may not be available.
2025-07-28T19:43:36.517+05:30  WARN 5124 --- [apachekafkawithspringboot] [ntainer#0-0-C-1] org.apache.kafka.clients.NetworkClient   : [Consumer clientId=consumer-xyz-1, groupId=xyz] Bootstrap broker localhost:9092 (id: -1 rack: null) disconnected
2025-07-28T19:43:36.519+05:30  WARN 5124 --- [apachekafkawithspringboot] [ntainer#1-0-C-1] org.apache.kafka.clients.NetworkClient   : [Consumer clientId=consumer-xyz-2, groupId=xyz] Bootstrap broker localhost:9092 (id: -1 rack: null) disconnected
2025-07-28T19:43:36.626+05:30  INFO 5124 --- [apachekafkawithspringboot] [ntainer#0-0-C-1] org.apache.kafka.clients.NetworkClient   : [Consumer clientId=consumer-xyz-1, groupId=xyz] Node -1 disconnected.
2025-07-28T19:43:36.627+05:30  WARN 5124 --- [apachekafkawithspringboot] [ntainer#0-0-C-1] org.apache.kafka.clients.NetworkClient   : [Consumer clientId=consumer-xyz-1, groupId=xyz] Connection to node -1 (localhost/127.0.0.1:9092) could not be established. Node may not be available.
2025-07-28T19:43:36.628+05:30  WARN 5124 --- [apachekafkawithspringboot] [ntainer#0-0-C-1] org.apache.kafka.clients.NetworkClient   : [Consumer clientId=consumer-xyz-1, groupId=xyz] Bootstrap broker localhost:9092 (id: -1 rack: null) disconnected
2025-07-28T19:43:36.632+05:30  INFO 5124 --- [apachekafkawithspringboot] [ntainer#1-0-C-1] org.apache.kafka.clients.NetworkClient   : [Consumer clientId=consumer-xyz-2, groupId=xyz] Node -1 disconnected.
2025-07-28T19:43:36.633+05:30  WARN 5124 --- [apachekafkawithspringboot] [ntainer#1-0-C-1] org.apache.kafka.clients.NetworkClient   : [Consumer clientId=consumer-xyz-2, groupId=xyz] Connection to node -1 (localhost/127.0.0.1:9092) could not be established. Node may not be available.
2025-07-28T19:43:36.635+05:30  WARN 5124 --- [apachekafkawithspringboot] [ntainer#1-0-C-1] org.apache.kafka.clients.NetworkClient   : [Consumer clientId=consumer-xyz-2, groupId=xyz] Bootstrap broker localhost:9092 (id: -1 rack: null) disconnected
2025-07-28T19:43:36.752+05:30  INFO 5124 --- [apachekafkawithspringboot] [ntainer#0-0-C-1] org.apache.kafka.clients.NetworkClient   : [Consumer clientId=consumer-xyz-1, groupId=xyz] Node -1 disconnected.
2025-07-28T19:43:36.754+05:30  WARN 5124 --- [apachekafkawithspringboot] [ntainer#0-0-C-1] org.apache.kafka.clients.NetworkClient   : [Consumer clientId=consumer-xyz-1, groupId=xyz] Connection to node -1 (localhost/127.0.0.1:9092) could not be established. Node may not be available.
2025-07-28T19:43:36.754+05:30  WARN 5124 --- [apachekafkawithspringboot] [ntainer#0-0-C-1] org.apache.kafka.clients.NetworkClient   : [Consumer clientId=consumer-xyz-1, groupId=xyz] Bootstrap broker localhost:9092 (id: -1 rack: null) disconnected
2025-07-28T19:43:36.756+05:30  INFO 5124 --- [apachekafkawithspringboot] [ntainer#1-0-C-1] org.apache.kafka.clients.NetworkClient   : [Consumer clientId=consumer-xyz-2, groupId=xyz] Node -1 disconnected.
2025-07-28T19:43:36.756+05:30  WARN 5124 --- [apachekafkawithspringboot] [ntainer#1-0-C-1] org.apache.kafka.clients.NetworkClient   : [Consumer clientId=consumer-xyz-2, groupId=xyz] Connection to node -1 (localhost/127.0.0.1:9092) could not be established. Node may not be available.
2025-07-28T19:43:36.759+05:30  WARN 5124 --- [apachekafkawithspringboot] [ntainer#1-0-C-1] org.apache.kafka.clients.NetworkClient   : [Consumer clientId=consumer-xyz-2, groupId=xyz] Bootstrap broker localhost:9092 (id: -1 rack: null) disconnected
2025-07-28T19:43:36.994+05:30  INFO 5124 --- [apachekafkawithspringboot] [ntainer#0-0-C-1] org.apache.kafka.clients.NetworkClient   : [Consumer clientId=consumer-xyz-1, groupId=xyz] Node -1 disconnected.
2025-07-28T19:43:36.996+05:30  INFO 5124 --- [apachekafkawithspringboot] [ntainer#1-0-C-1] org.apache.kafka.clients.NetworkClient   : [Consumer clientId=consumer-xyz-2, groupId=xyz] Node -1 disconnected.
2025-07-28T19:43:36.997+05:30  WARN 5124 --- [apachekafkawithspringboot] [ntainer#1-0-C-1] org.apache.kafka.clients.NetworkClient   : [Consumer clientId=consumer-xyz-2, groupId=xyz] Connection to node -1 (localhost/127.0.0.1:9092) could not be established. Node may not be available.
2025-07-28T19:43:36.998+05:30  WARN 5124 --- [apachekafkawithspringboot] [ntainer#1-0-C-1] org.apache.kafka.clients.NetworkClient   : [Consumer clientId=consumer-xyz-2, groupId=xyz] Bootstrap broker localhost:9092 (id: -1 rack: null) disconnected
2025-07-28T19:43:36.999+05:30  WARN 5124 --- [apachekafkawithspringboot] [ntainer#0-0-C-1] org.apache.kafka.clients.NetworkClient   : [Consumer clientId=consumer-xyz-1, groupId=xyz] Connection to node -1 (localhost/127.0.0.1:9092) could not be established. Node may not be available.
2025-07-28T19:43:37.000+05:30  WARN 5124 --- [apachekafkawithspringboot] [ntainer#0-0-C-1] org.apache.kafka.clients.NetworkClient   : [Consumer clientId=consumer-xyz-1, groupId=xyz] Bootstrap broker localhost:9092 (id: -1 rack: null) disconnected
2025-07-28T19:43:37.365+05:30  INFO 5124 --- [apachekafkawithspringboot] [ntainer#1-0-C-1] org.apache.kafka.clients.NetworkClient   : [Consumer clientId=consumer-xyz-2, groupId=xyz] Node -1 disconnected.
2025-07-28T19:43:37.367+05:30  WARN 5124 --- [apachekafkawithspringboot] [ntainer#1-0-C-1] org.apache.kafka.clients.NetworkClient   : [Consumer clientId=consumer-xyz-2, groupId=xyz] Connection to node -1 (localhost/127.0.0.1:9092) could not be established. Node may not be available.
2025-07-28T19:43:37.369+05:30  WARN 5124 --- [apachekafkawithspringboot] [ntainer#1-0-C-1] org.apache.kafka.clients.NetworkClient   : [Consumer clientId=consumer-xyz-2, groupId=xyz] Bootstrap broker localhost:9092 (id: -1 rack: null) disconnected
2025-07-28T19:43:37.421+05:30  INFO 5124 --- [apachekafkawithspringboot] [ntainer#0-0-C-1] org.apache.kafka.clients.NetworkClient   : [Consumer clientId=consumer-xyz-1, groupId=xyz] Node -1 disconnected.
2025-07-28T19:43:37.427+05:30  WARN 5124 --- [apachekafkawithspringboot] [ntainer#0-0-C-1] org.apache.kafka.clients.NetworkClient   : [Consumer clientId=consumer-xyz-1, groupId=xyz] Connection to node -1 (localhost/127.0.0.1:9092) could not be established. Node may not be available.
2025-07-28T19:43:37.428+05:30  WARN 5124 --- [apachekafkawithspringboot] [ntainer#0-0-C-1] org.apache.kafka.clients.NetworkClient   : [Consumer clientId=consumer-xyz-1, groupId=xyz] Bootstrap broker localhost:9092 (id: -1 rack: null) disconnected
]]></system-out>
    <system-err><![CDATA[Jul 28, 2025 7:43:28 PM org.junit.platform.launcher.core.LauncherConfigurationParameters loadClasspathResource
WARNING: Discovered 3 'junit-platform.properties' configuration files on the classpath (see below); only the first (*) will be used.
- jar:file:/C:/Users/HP/.m2/repository/org/apache/kafka/kafka-clients/3.8.1/kafka-clients-3.8.1-test.jar!/junit-platform.properties (*)
- jar:file:/C:/Users/HP/.m2/repository/org/apache/kafka/kafka-server-common/3.8.1/kafka-server-common-3.8.1-test.jar!/junit-platform.properties
- jar:file:/C:/Users/HP/.m2/repository/org/apache/kafka/kafka_2.13/3.8.1/kafka_2.13-3.8.1-test.jar!/junit-platform.properties
Jul 28, 2025 7:43:29 PM org.junit.platform.launcher.core.LauncherConfigurationParameters loadClasspathResource
WARNING: Discovered 3 'junit-platform.properties' configuration files on the classpath (see below); only the first (*) will be used.
- jar:file:/C:/Users/HP/.m2/repository/org/apache/kafka/kafka-clients/3.8.1/kafka-clients-3.8.1-test.jar!/junit-platform.properties (*)
- jar:file:/C:/Users/HP/.m2/repository/org/apache/kafka/kafka-server-common/3.8.1/kafka-server-common-3.8.1-test.jar!/junit-platform.properties
- jar:file:/C:/Users/HP/.m2/repository/org/apache/kafka/kafka_2.13/3.8.1/kafka_2.13-3.8.1-test.jar!/junit-platform.properties
Jul 28, 2025 7:43:29 PM org.junit.platform.launcher.core.LauncherConfigurationParameters loadClasspathResource
WARNING: Discovered 3 'junit-platform.properties' configuration files on the classpath (see below); only the first (*) will be used.
- jar:file:/C:/Users/HP/.m2/repository/org/apache/kafka/kafka-clients/3.8.1/kafka-clients-3.8.1-test.jar!/junit-platform.properties (*)
- jar:file:/C:/Users/HP/.m2/repository/org/apache/kafka/kafka-server-common/3.8.1/kafka-server-common-3.8.1-test.jar!/junit-platform.properties
- jar:file:/C:/Users/HP/.m2/repository/org/apache/kafka/kafka_2.13/3.8.1/kafka_2.13-3.8.1-test.jar!/junit-platform.properties
Jul 28, 2025 7:43:29 PM org.junit.platform.launcher.core.LauncherConfigurationParameters loadClasspathResource
WARNING: Discovered 3 'junit-platform.properties' configuration files on the classpath (see below); only the first (*) will be used.
- jar:file:/C:/Users/HP/.m2/repository/org/apache/kafka/kafka-clients/3.8.1/kafka-clients-3.8.1-test.jar!/junit-platform.properties (*)
- jar:file:/C:/Users/HP/.m2/repository/org/apache/kafka/kafka-server-common/3.8.1/kafka-server-common-3.8.1-test.jar!/junit-platform.properties
- jar:file:/C:/Users/HP/.m2/repository/org/apache/kafka/kafka_2.13/3.8.1/kafka_2.13-3.8.1-test.jar!/junit-platform.properties
Jul 28, 2025 7:43:29 PM org.junit.platform.launcher.core.LauncherConfigurationParameters loadClasspathResource
WARNING: Discovered 3 'junit-platform.properties' configuration files on the classpath (see below); only the first (*) will be used.
- jar:file:/C:/Users/HP/.m2/repository/org/apache/kafka/kafka-clients/3.8.1/kafka-clients-3.8.1-test.jar!/junit-platform.properties (*)
- jar:file:/C:/Users/HP/.m2/repository/org/apache/kafka/kafka-server-common/3.8.1/kafka-server-common-3.8.1-test.jar!/junit-platform.properties
- jar:file:/C:/Users/HP/.m2/repository/org/apache/kafka/kafka_2.13/3.8.1/kafka_2.13-3.8.1-test.jar!/junit-platform.properties
Jul 28, 2025 7:43:29 PM org.junit.platform.launcher.core.LauncherConfigurationParameters loadClasspathResource
WARNING: Discovered 3 'junit-platform.properties' configuration files on the classpath (see below); only the first (*) will be used.
- jar:file:/C:/Users/HP/.m2/repository/org/apache/kafka/kafka-clients/3.8.1/kafka-clients-3.8.1-test.jar!/junit-platform.properties (*)
- jar:file:/C:/Users/HP/.m2/repository/org/apache/kafka/kafka-server-common/3.8.1/kafka-server-common-3.8.1-test.jar!/junit-platform.properties
- jar:file:/C:/Users/HP/.m2/repository/org/apache/kafka/kafka_2.13/3.8.1/kafka_2.13-3.8.1-test.jar!/junit-platform.properties
]]></system-err>
  </testcase>
</testsuite>