<?xml version="1.0" encoding="UTF-8"?>
<testsuite xmlns:xsi="http://www.w3.org/2001/XMLSchema-instance" xsi:noNamespaceSchemaLocation="https://maven.apache.org/surefire/maven-surefire-plugin/xsd/surefire-test-report.xsd" version="3.0.2" name="com.example.demo.KafkasampleproducerconsumerApplicationTests" time="3.381" tests="1" errors="0" skipped="0" failures="0">
  <properties>
[...]
</properties>
  <testcase name="contextLoads" classname="com.example.demo.KafkasampleproducerconsumerApplicationTests" time="0.02">
    <system-out><![CDATA[2025-07-29T12:13:38.357+05:30  INFO 16256 --- [kafkasampleproducerconsumer] [           main] t.c.s.AnnotationConfigContextLoaderUtils : Could not detect default configuration classes for test class [com.example.demo.KafkasampleproducerconsumerApplicationTests]: KafkasampleproducerconsumerApplicationTests does not declare any static, non-private, non-final, nested classes annotated with @Configuration.
2025-07-29T12:13:38.445+05:30  INFO 16256 --- [kafkasampleproducerconsumer] [           main] .b.t.c.SpringBootTestContextBootstrapper : Found @SpringBootConfiguration com.example.demo.KafkasampleproducerconsumerApplication for test class com.example.demo.KafkasampleproducerconsumerApplicationTests
2025-07-29T12:13:38.888+05:30  INFO 16256 --- [kafkasampleproducerconsumer] [           main] kasampleproducerconsumerApplicationTests : Starting KafkasampleproducerconsumerApplicationTests using Java 17.0.12 with PID 16256 (started by HP in E:\codebase\Repo1\kafkasampleproducerconsumer)
2025-07-29T12:13:38.889+05:30  INFO 16256 --- [kafkasampleproducerconsumer] [           main] kasampleproducerconsumerApplicationTests : No active profile set, falling back to 1 default profile: "default"
2025-07-29T12:13:41.129+05:30  INFO 16256 --- [kafkasampleproducerconsumer] [           main] o.a.k.clients.consumer.ConsumerConfig    : ConsumerConfig values: 
	allow.auto.create.topics = true
	auto.commit.interval.ms = 5000
	auto.include.jmx.reporter = true
	auto.offset.reset = latest
	bootstrap.servers = [localhost:9092]
	check.crcs = true
	client.dns.lookup = use_all_dns_ips
	client.id = 95fe85cc-f94e-4046-a85e-9a53028c0e3f-0
	client.rack = 
	connections.max.idle.ms = 540000
	default.api.timeout.ms = 60000
	enable.auto.commit = false
	enable.metrics.push = true
	exclude.internal.topics = true
	fetch.max.bytes = 52428800
	fetch.max.wait.ms = 500
	fetch.min.bytes = 1
	group.id = notification
	group.instance.id = null
	group.protocol = classic
	group.remote.assignor = null
	heartbeat.interval.ms = 3000
	interceptor.classes = []
	internal.leave.group.on.close = true
	internal.throw.on.fetch.stable.offset.unsupported = false
	isolation.level = read_uncommitted
	key.deserializer = class org.apache.kafka.common.serialization.StringDeserializer
	max.partition.fetch.bytes = 1048576
	max.poll.interval.ms = 300000
	max.poll.records = 500
	metadata.max.age.ms = 300000
	metadata.recovery.strategy = none
	metric.reporters = []
	metrics.num.samples = 2
	metrics.recording.level = INFO
	metrics.sample.window.ms = 30000
	partition.assignment.strategy = [class org.apache.kafka.clients.consumer.RangeAssignor, class org.apache.kafka.clients.consumer.CooperativeStickyAssignor]
	receive.buffer.bytes = 65536
	reconnect.backoff.max.ms = 1000
	reconnect.backoff.ms = 50
	request.timeout.ms = 30000
	retry.backoff.max.ms = 1000
	retry.backoff.ms = 100
	sasl.client.callback.handler.class = null
	sasl.jaas.config = null
	sasl.kerberos.kinit.cmd = /usr/bin/kinit
	sasl.kerberos.min.time.before.relogin = 60000
	sasl.kerberos.service.name = null
	sasl.kerberos.ticket.renew.jitter = 0.05
	sasl.kerberos.ticket.renew.window.factor = 0.8
	sasl.login.callback.handler.class = null
	sasl.login.class = null
	sasl.login.connect.timeout.ms = null
	sasl.login.read.timeout.ms = null
	sasl.login.refresh.buffer.seconds = 300
	sasl.login.refresh.min.period.seconds = 60
	sasl.login.refresh.window.factor = 0.8
	sasl.login.refresh.window.jitter = 0.05
	sasl.login.retry.backoff.max.ms = 10000
	sasl.login.retry.backoff.ms = 100
	sasl.mechanism = GSSAPI
	sasl.oauthbearer.clock.skew.seconds = 30
	sasl.oauthbearer.expected.audience = null
	sasl.oauthbearer.expected.issuer = null
	sasl.oauthbearer.jwks.endpoint.refresh.ms = 3600000
	sasl.oauthbearer.jwks.endpoint.retry.backoff.max.ms = 10000
	sasl.oauthbearer.jwks.endpoint.retry.backoff.ms = 100
	sasl.oauthbearer.jwks.endpoint.url = null
	sasl.oauthbearer.scope.claim.name = scope
	sasl.oauthbearer.sub.claim.name = sub
	sasl.oauthbearer.token.endpoint.url = null
	security.protocol = PLAINTEXT
	security.providers = null
	send.buffer.bytes = 131072
	session.timeout.ms = 45000
	socket.connection.setup.timeout.max.ms = 30000
	socket.connection.setup.timeout.ms = 10000
	ssl.cipher.suites = null
	ssl.enabled.protocols = [TLSv1.2, TLSv1.3]
	ssl.endpoint.identification.algorithm = https
	ssl.engine.factory.class = null
	ssl.key.password = null
	ssl.keymanager.algorithm = SunX509
	ssl.keystore.certificate.chain = null
	ssl.keystore.key = null
	ssl.keystore.location = null
	ssl.keystore.password = null
	ssl.keystore.type = JKS
	ssl.protocol = TLSv1.3
	ssl.provider = null
	ssl.secure.random.implementation = null
	ssl.trustmanager.algorithm = PKIX
	ssl.truststore.certificates = null
	ssl.truststore.location = null
	ssl.truststore.password = null
	ssl.truststore.type = JKS
	value.deserializer = class org.springframework.kafka.support.serializer.JsonDeserializer

2025-07-29T12:13:41.269+05:30  INFO 16256 --- [kafkasampleproducerconsumer] [           main] o.a.k.c.t.i.KafkaMetricsCollector        : initializing Kafka metrics collector
2025-07-29T12:13:41.634+05:30  INFO 16256 --- [kafkasampleproducerconsumer] [           main] o.a.kafka.common.utils.AppInfoParser     : Kafka version: 3.8.1
2025-07-29T12:13:41.638+05:30  INFO 16256 --- [kafkasampleproducerconsumer] [           main] o.a.kafka.common.utils.AppInfoParser     : Kafka commitId: 70d6ff42debf7e17
2025-07-29T12:13:41.638+05:30  INFO 16256 --- [kafkasampleproducerconsumer] [           main] o.a.kafka.common.utils.AppInfoParser     : Kafka startTimeMs: 1753771421630
2025-07-29T12:13:41.650+05:30  INFO 16256 --- [kafkasampleproducerconsumer] [           main] o.a.k.c.c.internals.LegacyKafkaConsumer  : [Consumer clientId=95fe85cc-f94e-4046-a85e-9a53028c0e3f-0, groupId=notification] Subscribed to topic(s): create-order
2025-07-29T12:13:41.698+05:30  INFO 16256 --- [kafkasampleproducerconsumer] [           main] kasampleproducerconsumerApplicationTests : Started KafkasampleproducerconsumerApplicationTests in 3.132 seconds (process running for 12.583)
]]></system-out>
  </testcase>
</testsuite>